<?xml version="1.0" encoding="UTF-8" ?>
<testsuite tests="185" failures="0" name="net.mooctest.LibraryTest" time="0.266" errors="0" skipped="0">
  <properties>
    <property name="java.runtime.name" value="OpenJDK Runtime Environment"/>
    <property name="sun.boot.library.path" value="C:\Program Files\Amazon Corretto\jdk1.8.0_462\jre\bin"/>
    <property name="java.vm.version" value="25.462-b08"/>
    <property name="java.vm.vendor" value="Amazon.com Inc."/>
    <property name="maven.multiModuleProjectDirectory" value="C:\Library_1"/>
    <property name="java.vendor.url" value="https://aws.amazon.com/corretto/"/>
    <property name="path.separator" value=";"/>
    <property name="guice.disable.misplaced.annotation.check" value="true"/>
    <property name="java.vm.name" value="OpenJDK 64-Bit Server VM"/>
    <property name="file.encoding.pkg" value="sun.io"/>
    <property name="user.script" value=""/>
    <property name="user.country" value="CN"/>
    <property name="sun.java.launcher" value="SUN_STANDARD"/>
    <property name="sun.os.patch.level" value=""/>
    <property name="java.vm.specification.name" value="Java Virtual Machine Specification"/>
    <property name="user.dir" value="C:\Library_1"/>
    <property name="java.runtime.version" value="1.8.0_462-b08"/>
    <property name="java.awt.graphicsenv" value="sun.awt.Win32GraphicsEnvironment"/>
    <property name="java.endorsed.dirs" value="C:\Program Files\Amazon Corretto\jdk1.8.0_462\jre\lib\endorsed"/>
    <property name="os.arch" value="amd64"/>
    <property name="java.io.tmpdir" value="C:\Users\mroga\AppData\Local\Temp\"/>
    <property name="line.separator" value="
"/>
    <property name="java.vm.specification.vendor" value="Oracle Corporation"/>
    <property name="user.variant" value=""/>
    <property name="os.name" value="Windows 11"/>
    <property name="classworlds.conf" value="C:\maven_repos\apache-maven-3.6.3\bin\..\bin\m2.conf"/>
    <property name="sun.jnu.encoding" value="GBK"/>
    <property name="java.library.path" value="C:\Program Files\Amazon Corretto\jdk1.8.0_462\bin;C:\WINDOWS\Sun\Java\bin;C:\WINDOWS\system32;C:\WINDOWS;C:\Program Files\Amazon Corretto\jdk1.8.0_462\bin;C:\WINDOWS\system32;C:\WINDOWS;C:\WINDOWS\System32\Wbem;C:\WINDOWS\System32\WindowsPowerShell\v1.0\;C:\WINDOWS\System32\OpenSSH\;C:\Program Files\dotnet\;C:\Program Files\cursor\resources\app\bin;C:\maven_repos\apache-maven-3.6.3\bin;C:\maven_repos\apache-maven-3.6.3\bin\mvn.cmd;C:\Program Files\Amazon Corretto\jdk1.8.0_462\jre\bin;C:\Program Files\Git\cmd;c:\Users\mroga\AppData\Local\Programs\Trae CN\bin;c:\Users\mroga\AppData\Local\Programs\Trae\bin;C:\Users\mroga\AppData\Local\Microsoft\WindowsApps;;C:\Program Files\JetBrains\IntelliJ IDEA 2023.3.8\bin;;C:\Users\mroga\AppData\Local\Programs\Microsoft VS Code\bin;C:\Users\mroga\AppData\Local\Programs\Qoder\bin;C:\Users\mroga\AppData\Local\Programs\Lingma\bin;."/>
    <property name="maven.conf" value="C:\maven_repos\apache-maven-3.6.3\bin\../conf"/>
    <property name="java.specification.name" value="Java Platform API Specification"/>
    <property name="java.class.version" value="52.0"/>
    <property name="sun.management.compiler" value="HotSpot 64-Bit Tiered Compilers"/>
    <property name="os.version" value="10.0"/>
    <property name="library.jansi.path" value="C:\maven_repos\apache-maven-3.6.3\bin\..\lib\jansi-native"/>
    <property name="user.home" value="C:\Users\mroga"/>
    <property name="user.timezone" value="Asia/Shanghai"/>
    <property name="java.awt.printerjob" value="sun.awt.windows.WPrinterJob"/>
    <property name="java.specification.version" value="1.8"/>
    <property name="file.encoding" value="GBK"/>
    <property name="user.name" value="zuha"/>
    <property name="java.class.path" value="C:\maven_repos\apache-maven-3.6.3\bin\..\boot\plexus-classworlds-2.6.0.jar"/>
    <property name="java.vm.specification.version" value="1.8"/>
    <property name="sun.arch.data.model" value="64"/>
    <property name="java.home" value="C:\Program Files\Amazon Corretto\jdk1.8.0_462\jre"/>
    <property name="sun.java.command" value="org.codehaus.plexus.classworlds.launcher.Launcher test"/>
    <property name="java.specification.vendor" value="Oracle Corporation"/>
    <property name="user.language" value="zh"/>
    <property name="awt.toolkit" value="sun.awt.windows.WToolkit"/>
    <property name="java.vm.info" value="mixed mode"/>
    <property name="java.version" value="1.8.0_462"/>
    <property name="java.ext.dirs" value="C:\Program Files\Amazon Corretto\jdk1.8.0_462\jre\lib\ext;C:\WINDOWS\Sun\Java\lib\ext"/>
    <property name="sun.boot.class.path" value="C:\Program Files\Amazon Corretto\jdk1.8.0_462\jre\lib\resources.jar;C:\Program Files\Amazon Corretto\jdk1.8.0_462\jre\lib\rt.jar;C:\Program Files\Amazon Corretto\jdk1.8.0_462\jre\lib\sunrsasign.jar;C:\Program Files\Amazon Corretto\jdk1.8.0_462\jre\lib\jsse.jar;C:\Program Files\Amazon Corretto\jdk1.8.0_462\jre\lib\jce.jar;C:\Program Files\Amazon Corretto\jdk1.8.0_462\jre\lib\charsets.jar;C:\Program Files\Amazon Corretto\jdk1.8.0_462\jre\lib\jfr.jar;C:\Program Files\Amazon Corretto\jdk1.8.0_462\jre\classes"/>
    <property name="java.vendor" value="Amazon.com Inc."/>
    <property name="java.specification.maintenance.version" value="6"/>
    <property name="maven.home" value="C:\maven_repos\apache-maven-3.6.3\bin\.."/>
    <property name="file.separator" value="\"/>
    <property name="java.vendor.url.bug" value="https://github.com/corretto/corretto-8/issues/"/>
    <property name="sun.cpu.endian" value="little"/>
    <property name="sun.io.unicode.encoding" value="UnicodeLittle"/>
    <property name="sun.desktop" value="windows"/>
    <property name="sun.cpu.isalist" value="amd64"/>
  </properties>
  <testcase classname="net.mooctest.LibraryTest" name="testReservation_VIPPriority_Bonus" time="0.082"/>
  <testcase classname="net.mooctest.LibraryTest" name="testBorrowBook_WhenBookAvailable_ShouldSucceed" time="0.018"/>
  <testcase classname="net.mooctest.LibraryTest" name="testBook_IsAvailable_NoCopies_Println" time="0.005"/>
  <testcase classname="net.mooctest.LibraryTest" name="testReservation_VIPWithDelayedReturn_PriorityCalculation" time="0"/>
  <testcase classname="net.mooctest.LibraryTest" name="testVIPUser_ReturnBook_Overdue_ShouldSetReturnDateAndFinesIncreaseAndCreditMinus3" time="0.011"/>
  <testcase classname="net.mooctest.LibraryTest" name="testRegularUser_BorrowBook_InventoryInsufficient_Reserved" time="0"/>
  <testcase classname="net.mooctest.LibraryTest" name="testAutoRenewalService_CreditScoreExactly60_ShouldAllow" time="0.002"/>
  <testcase classname="net.mooctest.LibraryTest" name="testBook_AddReservation_Sysout" time="0"/>
  <testcase classname="net.mooctest.LibraryTest" name="testRegularUser_ReturnBook_OverdueDaysCalculation_Exact" time="0"/>
  <testcase classname="net.mooctest.LibraryTest" name="testCreditRepair_WhenVipCreditLow_ShouldRestore" time="0.002"/>
  <testcase classname="net.mooctest.LibraryTest" name="testCancelReservation_WhenBookNotReserved_ShouldThrow" time="0.001"/>
  <testcase classname="net.mooctest.LibraryTest" name="testCreditRepairService_PaymentJustBelow10_ShouldThrow" time="0"/>
  <testcase classname="net.mooctest.LibraryTest" name="testInventoryService_ReportDamaged_Positive_ShouldSetRepairAndCharge" time="0.012"/>
  <testcase classname="net.mooctest.LibraryTest" name="testUser_DeductScore_Logs_FreezeAndDecrease" time="0"/>
  <testcase classname="net.mooctest.LibraryTest" name="testRegularUser_BorrowBook_FineFreezeBranch" time="0"/>
  <testcase classname="net.mooctest.LibraryTest" name="testRegularUser_CalculateDueDate_ShouldBeBorrowPlus14Days" time="0"/>
  <testcase classname="net.mooctest.LibraryTest" name="testNotificationService_EmailSuccess" time="0.003"/>
  <testcase classname="net.mooctest.LibraryTest" name="testBook_RemoveReservation_Sysout" time="0"/>
  <testcase classname="net.mooctest.LibraryTest" name="testBorrowRecord_ExtendDueDate_ShouldPrintNewDueDate" time="0.001"/>
  <testcase classname="net.mooctest.LibraryTest" name="testLibrary_BorrowAndReturn_Process" time="0.003"/>
  <testcase classname="net.mooctest.LibraryTest" name="testAutoRenewalService_CreditScoreBelow60_ShouldThrow" time="0"/>
  <testcase classname="net.mooctest.LibraryTest" name="testVIPUser_ExtendBorrowPeriod_NoRecord_ShouldThrow" time="0"/>
  <testcase classname="net.mooctest.LibraryTest" name="testUser_DeductScore_BecomeFifty_ShouldNotFreeze" time="0.002"/>
  <testcase classname="net.mooctest.LibraryTest" name="testRegularUser_BorrowBook_ReserveBranch_WithMockedAvailability" time="0"/>
  <testcase classname="net.mooctest.LibraryTest" name="testRegularUser_ReturnBook_Exactly15Days_ShouldBeOverdue" time="0.005"/>
  <testcase classname="net.mooctest.LibraryTest" name="testBorrowBook_WhenAccountFrozen_ShouldThrowAccountFrozenException" time="0"/>
  <testcase classname="net.mooctest.LibraryTest" name="testVIPUser_BorrowBook_LowCredit" time="0"/>
  <testcase classname="net.mooctest.LibraryTest" name="testRegularUser_ReturnBook_OverdueAndFreeze" time="0.002"/>
  <testcase classname="net.mooctest.LibraryTest" name="testRegularUser_ReturnBook_OverdueAndFrozen" time="0.001"/>
  <testcase classname="net.mooctest.LibraryTest" name="testReservation_MultipleDelayedReturns_CumulativePenalty" time="0"/>
  <testcase classname="net.mooctest.LibraryTest" name="testAutoRenewalService_RenewUnavailable_ShouldThrow" time="0"/>
  <testcase classname="net.mooctest.LibraryTest" name="testReservation_GetUser_ReturnsCorrectUser" time="0"/>
  <testcase classname="net.mooctest.LibraryTest" name="testCustomException_Message" time="0.002"/>
  <testcase classname="net.mooctest.LibraryTest" name="testVIPUser_ReturnBook_OnTime_ShouldIncreaseCopiesAndCreditPlus3" time="0"/>
  <testcase classname="net.mooctest.LibraryTest" name="testLibrary_ProcessReservations_WithQueue_BorrowAndNotify" time="0"/>
  <testcase classname="net.mooctest.LibraryTest" name="testRegularUser_ReturnBook_Fines101_ShouldFreezeAndThrow" time="0"/>
  <testcase classname="net.mooctest.LibraryTest" name="testReservation_WhenReserveTwice_ShouldThrow" time="0"/>
  <testcase classname="net.mooctest.LibraryTest" name="testBook_ReturnBook_Success_Println" time="0.001"/>
  <testcase classname="net.mooctest.LibraryTest" name="testUser_AddScore_Log" time="0.001"/>
  <testcase classname="net.mooctest.LibraryTest" name="testBorrowRecord_CalculateFine_RareAndJournal" time="0"/>
  <testcase classname="net.mooctest.LibraryTest" name="testUser_ReceiveNotification_Logs" time="0"/>
  <testcase classname="net.mooctest.LibraryTest" name="testInventoryService_ReportDamaged_WithoutBorrowing_ShouldThrow" time="0"/>
  <testcase classname="net.mooctest.LibraryTest" name="testRegularUser_ReturnBook_OnTimeShouldAddCredit" time="0"/>
  <testcase classname="net.mooctest.LibraryTest" name="testVIPUser_BorrowBook_WhenBlacklisted_ShouldThrow" time="0"/>
  <testcase classname="net.mooctest.LibraryTest" name="testInventoryService_ReportLost_WithoutBorrowing_ShouldThrow" time="0"/>
  <testcase classname="net.mooctest.LibraryTest" name="testRegularUser_ReturnBook_Overdue_LogAndFine" time="0"/>
  <testcase classname="net.mooctest.LibraryTest" name="testLibrary_AutoRenew_Success_LogOnly" time="0"/>
  <testcase classname="net.mooctest.LibraryTest" name="testBorrowRecord_BlacklistedUserWithDamagedRareBook_MaximumFine" time="0.008"/>
  <testcase classname="net.mooctest.LibraryTest" name="testBook_GetTitle_NotNull" time="0"/>
  <testcase classname="net.mooctest.LibraryTest" name="testVIPUser_ExtendBorrowPeriod_SuccessThenAlreadyRenewed" time="0"/>
  <testcase classname="net.mooctest.LibraryTest" name="testLibrary_AddBook_Exist_Success" time="0"/>
  <testcase classname="net.mooctest.LibraryTest" name="testLibrary_ReportDamagedBook_ExceptionHandling_ShouldPrintError" time="0.001"/>
  <testcase classname="net.mooctest.LibraryTest" name="testUser_DeductScore_AlreadyZero_ShouldNotChange" time="0"/>
  <testcase classname="net.mooctest.LibraryTest" name="testLibrary_ReportLostBook_Success_SideEffects" time="0.002"/>
  <testcase classname="net.mooctest.LibraryTest" name="testLibrary_ReportLostBook_ExceptionHandling_ShouldPrintError" time="0.001"/>
  <testcase classname="net.mooctest.LibraryTest" name="testRegularUser_ReturnBook_CreditScoreBelow50_ShouldFreeze" time="0"/>
  <testcase classname="net.mooctest.LibraryTest" name="testRegularUser_BorrowBook_FinesOver50_FrozeAndException" time="0"/>
  <testcase classname="net.mooctest.LibraryTest" name="testVIPUser_BorrowBook_FinesEqual50_ShouldAllow" time="0"/>
  <testcase classname="net.mooctest.LibraryTest" name="testPayFine_WhenAmountGreaterThanFines_ShouldThrow" time="0"/>
  <testcase classname="net.mooctest.LibraryTest" name="testLibrary_RepairUserCredit_Success_And_Fail" time="0"/>
  <testcase classname="net.mooctest.LibraryTest" name="testExternalLibraryAPI_RequestBook_Println" time="0.001"/>
  <testcase classname="net.mooctest.LibraryTest" name="testLibrary_AddBook_LogBranches" time="0.001"/>
  <testcase classname="net.mooctest.LibraryTest" name="testRegularUser_ReturnBook_BorrowDurationCalculation_ExactDays" time="0"/>
  <testcase classname="net.mooctest.LibraryTest" name="testVIPUser_CalculateDueDate_ShouldMatchBorrowPlusPeriod" time="0"/>
  <testcase classname="net.mooctest.LibraryTest" name="testBorrowRecord_WhenOverdueOrNot_ShouldJudgeCorrectly" time="0.009"/>
  <testcase classname="net.mooctest.LibraryTest" name="testExternalLibraryAPI_RequestBook_LogBranch" time="0"/>
  <testcase classname="net.mooctest.LibraryTest" name="testLibrary_ReportDamagedBook_Success_SideEffects" time="0"/>
  <testcase classname="net.mooctest.LibraryTest" name="testLibrary_ProcessReservations_BorrowThrows" time="0"/>
  <testcase classname="net.mooctest.LibraryTest" name="testBook_RemoveReservation_Existing" time="0"/>
  <testcase classname="net.mooctest.LibraryTest" name="testRegularUser_ReturnBook_BorrowDurationFormula_MultipleScenarios" time="0"/>
  <testcase classname="net.mooctest.LibraryTest" name="testNotificationService_EmailFail_SmsSuccess_Log" time="0"/>
  <testcase classname="net.mooctest.LibraryTest" name="testRegularUser_FindBorrowRecord_NotFoundAndNull" time="0"/>
  <testcase classname="net.mooctest.LibraryTest" name="testPayFine_WhenUserBlacklisted_ShouldThrow" time="0"/>
  <testcase classname="net.mooctest.LibraryTest" name="testLibrary_ProcessReservations_ShouldSendEmailNotification" time="0"/>
  <testcase classname="net.mooctest.LibraryTest" name="testVIPUser_BorrowBook_Success_ShouldPrintSuccessMessage" time="0.001"/>
  <testcase classname="net.mooctest.LibraryTest" name="testRegularUser_BorrowBook_InventoryEmpty_ReserveBranch" time="0"/>
  <testcase classname="net.mooctest.LibraryTest" name="testReservation_VIPUser_ShouldPrintPriorityEnhanced" time="0"/>
  <testcase classname="net.mooctest.LibraryTest" name="testAutoRenewalService_CreditBoundary60_ShouldAllow" time="0"/>
  <testcase classname="net.mooctest.LibraryTest" name="testCreditRepairService_Repair" time="0"/>
  <testcase classname="net.mooctest.LibraryTest" name="testLibrary_AutoRenewBook_BothBranches" time="0.002"/>
  <testcase classname="net.mooctest.LibraryTest" name="testRegularUser_ReturnBook_FinesExactly100_ShouldNotFreeze" time="0"/>
  <testcase classname="net.mooctest.LibraryTest" name="testRegularUser_BorrowBook_FinesExactly50_AllowBorrow" time="0.006"/>
  <testcase classname="net.mooctest.LibraryTest" name="testReceiveNotification_WhenBlacklistedUser_NoNotify" time="0"/>
  <testcase classname="net.mooctest.LibraryTest" name="testVIPUser_ReturnBook_FinesBoundary" time="0.001"/>
  <testcase classname="net.mooctest.LibraryTest" name="testCreditRepairService_PaymentBoundaryAndAccountRestore" time="0.001"/>
  <testcase classname="net.mooctest.LibraryTest" name="testUser_ReserveBook_CreditEqual50_Available_ShouldSucceed" time="0"/>
  <testcase classname="net.mooctest.LibraryTest" name="testPayFine_WhenFineBecomesZeroAndFrozen_ShouldRestoreAccount" time="0.004"/>
  <testcase classname="net.mooctest.LibraryTest" name="testInventoryService_ReportDamaged_ShouldSetBookInRepair" time="0"/>
  <testcase classname="net.mooctest.LibraryTest" name="testReserveBook_WhenCreditScoreBelowFifty_ShouldThrow" time="0.001"/>
  <testcase classname="net.mooctest.LibraryTest" name="testBorrowRecord_DamagedBook_ShouldPrintAdditionalFine" time="0"/>
  <testcase classname="net.mooctest.LibraryTest" name="testAddScore_WhenBlacklistedUser_ShouldThrow" time="0.001"/>
  <testcase classname="net.mooctest.LibraryTest" name="testBook_Borrow_Success_Println" time="0"/>
  <testcase classname="net.mooctest.LibraryTest" name="testUser_PayFine_RemainingFineElseBranch" time="0"/>
  <testcase classname="net.mooctest.LibraryTest" name="testCreditRepairService_PaymentExactly10_ShouldSucceed" time="0.001"/>
  <testcase classname="net.mooctest.LibraryTest" name="testReservation_RegularUserNoDelay_NormalPriority" time="0"/>
  <testcase classname="net.mooctest.LibraryTest" name="testBorrowRecord_ExtendDueDateShouldChangeDueDate" time="0"/>
  <testcase classname="net.mooctest.LibraryTest" name="testAutoRenewalService_BoundaryConditions_Comprehensive" time="0"/>
  <testcase classname="net.mooctest.LibraryTest" name="testAutoRenewalService_CreditBelow60_ShouldThrow" time="0"/>
  <testcase classname="net.mooctest.LibraryTest" name="testLibrary_AutoRenew_Fail_LogOnly" time="0.003"/>
  <testcase classname="net.mooctest.LibraryTest" name="testLibrary_RegisterUser_LowCredit_Duplicate_Success" time="0"/>
  <testcase classname="net.mooctest.LibraryTest" name="testNotificationService_EmailAndSmsFail_AppNotify_Log_NullPhone" time="0"/>
  <testcase classname="net.mooctest.LibraryTest" name="testUser_CancelReservation_Success_ShouldRemoveBoth" time="0"/>
  <testcase classname="net.mooctest.LibraryTest" name="testCreditRepairService_CreditScoreExactly60_ShouldRestoreActive" time="0"/>
  <testcase classname="net.mooctest.LibraryTest" name="testBook_ReportDamage_Sysout" time="0"/>
  <testcase classname="net.mooctest.LibraryTest" name="testUser_PayFine_Logs_Remaining" time="0"/>
  <testcase classname="net.mooctest.LibraryTest" name="testRegularUser_ReturnBook_Overdue_Deduct5_And_FreezeWhenBelow50" time="0"/>
  <testcase classname="net.mooctest.LibraryTest" name="testUser_PayFine_Logs_ClearedAndRestore" time="0"/>
  <testcase classname="net.mooctest.LibraryTest" name="testDeductScore_WhenNegativeAndBoundary" time="0"/>
  <testcase classname="net.mooctest.LibraryTest" name="testCreditRepairService_MultiplePayments_CumulativeScore" time="0"/>
  <testcase classname="net.mooctest.LibraryTest" name="testPayFine_WhenNegativeAndBoundary" time="0.001"/>
  <testcase classname="net.mooctest.LibraryTest" name="testRegularUser_BorrowBook_CreditScoreBoundary" time="0"/>
  <testcase classname="net.mooctest.LibraryTest" name="testBook_IsAvailable_WhenDamagedShouldReturnFalse" time="0"/>
  <testcase classname="net.mooctest.LibraryTest" name="testUser_ReserveBook_Unavailable_Log" time="0"/>
  <testcase classname="net.mooctest.LibraryTest" name="testNotificationService_Blacklisted_ShouldOnlyLogAndReturn" time="0"/>
  <testcase classname="net.mooctest.LibraryTest" name="testLibrary_AutoRenew_Success_And_Fail" time="0.001"/>
  <testcase classname="net.mooctest.LibraryTest" name="testUser_ReceiveNotification_Normal" time="0"/>
  <testcase classname="net.mooctest.LibraryTest" name="testBaseUser_FindBorrowRecord_PositiveAndNull" time="0"/>
  <testcase classname="net.mooctest.LibraryTest" name="testVIPUser_BorrowBook_ReachLimit" time="0.009"/>
  <testcase classname="net.mooctest.LibraryTest" name="testLibrary_ProcessReservations_EmptyQueue" time="0"/>
  <testcase classname="net.mooctest.LibraryTest" name="testGetEmail_GetPhoneNumber_KillNull" time="0"/>
  <testcase classname="net.mooctest.LibraryTest" name="testRegularUser_ReturnBook_CreditScoreExactly50_ShouldNotFreeze" time="0"/>
  <testcase classname="net.mooctest.LibraryTest" name="testSearchBook_WhenExistOrNot_ShouldReturnCorrectly" time="0.007"/>
  <testcase classname="net.mooctest.LibraryTest" name="testUser_ReserveBook_Frozen_ShouldThrow" time="0"/>
  <testcase classname="net.mooctest.LibraryTest" name="testAutoRenewalService_AccountNotActive_ShouldThrow" time="0"/>
  <testcase classname="net.mooctest.LibraryTest" name="testBaseUser_ReceiveNotification_BlkAndNormal" time="0"/>
  <testcase classname="net.mooctest.LibraryTest" name="testBorrowRecord_Getters_ReturnCorrectValues" time="0"/>
  <testcase classname="net.mooctest.LibraryTest" name="testBorrowRecord_CalculateFine_BlacklistedFineDouble" time="0"/>
  <testcase classname="net.mooctest.LibraryTest" name="testNotificationService_EmailFail_SmsSuccess" time="0"/>
  <testcase classname="net.mooctest.LibraryTest" name="testNotificationService_EmailSuccess_Log" time="0"/>
  <testcase classname="net.mooctest.LibraryTest" name="testVIPUser_ReturnBook_OverdueFineDeduct" time="0"/>
  <testcase classname="net.mooctest.LibraryTest" name="testReservation_DelayedReturn_ShouldPrintPriorityLowered" time="0"/>
  <testcase classname="net.mooctest.LibraryTest" name="testReservation_GetBook_ReturnsCorrectBook" time="0"/>
  <testcase classname="net.mooctest.LibraryTest" name="testRegularUser_BorrowBook_TryRare" time="0"/>
  <testcase classname="net.mooctest.LibraryTest" name="testReservation_BlacklistedUser_ShouldPrintCannotReserve" time="0"/>
  <testcase classname="net.mooctest.LibraryTest" name="testLibrary_RegisterUser_CreditBoundary50_ShouldRegister" time="0"/>
  <testcase classname="net.mooctest.LibraryTest" name="testRegularUser_BorrowBook_CreditLow" time="0"/>
  <testcase classname="net.mooctest.LibraryTest" name="testBorrowRecord_NoReturnOrOnTime_NoFine" time="0"/>
  <testcase classname="net.mooctest.LibraryTest" name="testLibrary_RepairUserCredit_LogBranches" time="0"/>
  <testcase classname="net.mooctest.LibraryTest" name="testBook_IsAvailable_InRepair_Println" time="0"/>
  <testcase classname="net.mooctest.LibraryTest" name="testLibrary_ProcessReservations_BookUnavailable_ReturnEarly" time="0"/>
  <testcase classname="net.mooctest.LibraryTest" name="testExternalLibraryAPI_CheckAvailability_MultiCalls_WithPrintln" time="0.007"/>
  <testcase classname="net.mooctest.LibraryTest" name="testBook_IsAvailable_Damaged_Println" time="0"/>
  <testcase classname="net.mooctest.LibraryTest" name="testCreditRepairService_CreditScoreBelow60_ShouldNotRestoreActive" time="0"/>
  <testcase classname="net.mooctest.LibraryTest" name="testInventoryService_ReportLost_Positive_ShouldUpdateInventoryAndCharge" time="0"/>
  <testcase classname="net.mooctest.LibraryTest" name="testBorrowBook_WhenCreditLow_ShouldThrowInsufficientCreditException" time="0"/>
  <testcase classname="net.mooctest.LibraryTest" name="testBook_IsAvailable_WhenInRepairShouldReturnFalse" time="0"/>
  <testcase classname="net.mooctest.LibraryTest" name="testCreditRepairService_PaymentCalculation_ExactDivision" time="0"/>
  <testcase classname="net.mooctest.LibraryTest" name="testExternalLibraryAPI_CheckAvailability_BothOutcomes" time="0"/>
  <testcase classname="net.mooctest.LibraryTest" name="testBorrowRecord_JournalBook_CorrectBaseFine" time="0"/>
  <testcase classname="net.mooctest.LibraryTest" name="testLibrary_RegisterUser_LogBranches" time="0"/>
  <testcase classname="net.mooctest.LibraryTest" name="testBorrowBook_WhenRegularUserVsVipUser_TypeLimitations" time="0"/>
  <testcase classname="net.mooctest.LibraryTest" name="testBorrowRecord_BlacklistedUser_ShouldPrintFineDoubled" time="0"/>
  <testcase classname="net.mooctest.LibraryTest" name="testNotificationService_WhenEmailAndSmsInvalid_ShouldThrow" time="0"/>
  <testcase classname="net.mooctest.LibraryTest" name="testReservation_DelayedReturn_LowersPriority" time="0"/>
  <testcase classname="net.mooctest.LibraryTest" name="testReturnBook_WhenOverdue_ShouldThrowOverdueFineException" time="0"/>
  <testcase classname="net.mooctest.LibraryTest" name="testAutoRenewalService_Success_ExactPlus14Days" time="0"/>
  <testcase classname="net.mooctest.LibraryTest" name="testBorrowBook_WhenBookOutOfStock_ShouldThrowBookNotAvailableException" time="0.001"/>
  <testcase classname="net.mooctest.LibraryTest" name="testAutoRenewalService_Success_ExtendBy14Days" time="0"/>
  <testcase classname="net.mooctest.LibraryTest" name="testAutoRenewalService_BookReserved_ShouldThrow" time="0"/>
  <testcase classname="net.mooctest.LibraryTest" name="testExternalLibraryAPI_CheckAvailability_Random" time="0"/>
  <testcase classname="net.mooctest.LibraryTest" name="testReservation_Blacklisted_ReturnsMinusOne" time="0"/>
  <testcase classname="net.mooctest.LibraryTest" name="testBorrowRecord_ExtendDueDate_ExactDays" time="0"/>
  <testcase classname="net.mooctest.LibraryTest" name="testRegularUser_ReturnBook_FinesExceed100_ShouldFreezeAndThrow" time="0"/>
  <testcase classname="net.mooctest.LibraryTest" name="testExternalLibraryAPI_CheckAvailability_Println" time="0.001"/>
  <testcase classname="net.mooctest.LibraryTest" name="testBook_ReportDamage_Twice" time="0"/>
  <testcase classname="net.mooctest.LibraryTest" name="testAutoRenewalService_NoRecord_ShouldThrow" time="0"/>
  <testcase classname="net.mooctest.LibraryTest" name="testVIPUser_BorrowBook_CreditEqual50_ShouldAllow" time="0"/>
  <testcase classname="net.mooctest.LibraryTest" name="testBorrowRecord_CalculateFine_DamagedBook" time="0"/>
  <testcase classname="net.mooctest.LibraryTest" name="testBorrowBook_WhenExceedLimit_ShouldThrowInvalidOperationException" time="0.003"/>
  <testcase classname="net.mooctest.LibraryTest" name="testVIPUser_BorrowBook_FineFreezeOverdue" time="0"/>
  <testcase classname="net.mooctest.LibraryTest" name="testBook_Return_WhenAllCopiesInLibrary_ShouldThrow" time="0"/>
  <testcase classname="net.mooctest.LibraryTest" name="testBook_ReportRepair_Sysout" time="0.001"/>
  <testcase classname="net.mooctest.LibraryTest" name="testReserveBook_WhenBookUnavailable_AddToQueue" time="0"/>
  <testcase classname="net.mooctest.LibraryTest" name="testLibrary_ReportLostAndDamaged_FailBranches" time="0"/>
  <testcase classname="net.mooctest.LibraryTest" name="testCreditRepairService_CreditScoreAbove60_ShouldRestoreActive" time="0"/>
  <testcase classname="net.mooctest.LibraryTest" name="testVIPUser_BorrowBook_ShouldIncreaseCreditBy2" time="0"/>
  <testcase classname="net.mooctest.LibraryTest" name="testAutoRenewal_WhenEligible_ShouldSucceed" time="0"/>
  <testcase classname="net.mooctest.LibraryTest" name="testVIPUser_FindBorrowRecord_NotFound" time="0"/>
  <testcase classname="net.mooctest.LibraryTest" name="testExternalLibraryAPI_CheckAvailability_ReturnValueUsed" time="0.036"/>
  <testcase classname="net.mooctest.LibraryTest" name="testRegularUser_BorrowBook_WhenBlacklisted_ShouldThrow" time="0.001"/>
  <testcase classname="net.mooctest.LibraryTest" name="testRegularUser_ReturnBook_ExactlyOnTime_14Days_NoOverdue" time="0"/>
  <testcase classname="net.mooctest.LibraryTest" name="testVIPUser_ReturnBook_NotBorrowed_ShouldThrow" time="0"/>
  <testcase classname="net.mooctest.LibraryTest" name="testBook_RemoveReservation_NotInQueue_ShouldLog" time="0"/>
  <testcase classname="net.mooctest.LibraryTest" name="testBook_ReportRepair_Twice" time="0"/>
  <testcase classname="net.mooctest.LibraryTest" name="testRegularUser_BorrowBook_ShouldIncreaseCreditBy1" time="0"/>
</testsuite>